2024-07-25T10:50:17.233+0500 [DEBUG] [org.gradle.launcher.daemon.bootstrap.DaemonMain] Assuming the daemon was started with following jvm opts: [--add-opens=java.base/java.util=ALL-UNNAMED, --add-opens=java.base/java.lang=ALL-UNNAMED, --add-opens=java.base/java.lang.invoke=ALL-UNNAMED, --add-opens=java.prefs/java.util.prefs=ALL-UNNAMED, --add-opens=java.base/java.nio.charset=ALL-UNNAMED, --add-opens=java.base/java.net=ALL-UNNAMED, --add-opens=java.base/java.util.concurrent.atomic=ALL-UNNAMED, -XX:MaxMetaspaceSize=384m, -XX:+HeapDumpOnOutOfMemoryError, -Xms256m, -Xmx512m, -Dfile.encoding=UTF-8, -Duser.country=US, -Duser.language=en, -Duser.variant]
2024-07-25T10:50:17.363+0500 [INFO] [org.gradle.launcher.daemon.server.Daemon] start() called on daemon - DefaultDaemonContext[uid=19d76e19-86e1-4f0d-a172-b5f3d35ec30a,javaHome=/home/islom/.jdks/corretto-17.0.11,daemonRegistryDir=/home/islom/spring projects/HGPUserRegistration/daemon,pid=5875,idleTimeout=10800000,priority=NORMAL,applyInstrumentationAgent=true,daemonOpts=--add-opens=java.base/java.util=ALL-UNNAMED,--add-opens=java.base/java.lang=ALL-UNNAMED,--add-opens=java.base/java.lang.invoke=ALL-UNNAMED,--add-opens=java.prefs/java.util.prefs=ALL-UNNAMED,--add-opens=java.base/java.nio.charset=ALL-UNNAMED,--add-opens=java.base/java.net=ALL-UNNAMED,--add-opens=java.base/java.util.concurrent.atomic=ALL-UNNAMED,-XX:MaxMetaspaceSize=384m,-XX:+HeapDumpOnOutOfMemoryError,-Xms256m,-Xmx512m,-Dfile.encoding=UTF-8,-Duser.country=US,-Duser.language=en,-Duser.variant]
2024-07-25T10:50:17.395+0500 [DEBUG] [org.gradle.internal.remote.internal.inet.InetAddresses] Adding IP addresses for network interface wlp1s0
2024-07-25T10:50:17.395+0500 [DEBUG] [org.gradle.internal.remote.internal.inet.InetAddresses] Is this a loopback interface? false
2024-07-25T10:50:17.396+0500 [DEBUG] [org.gradle.internal.remote.internal.inet.InetAddresses] Adding remote address /fe80:0:0:0:fa70:8a29:6600:79c1%wlp1s0
2024-07-25T10:50:17.396+0500 [DEBUG] [org.gradle.internal.remote.internal.inet.InetAddresses] Adding remote address /172.16.14.168
2024-07-25T10:50:17.396+0500 [DEBUG] [org.gradle.internal.remote.internal.inet.InetAddresses] Adding IP addresses for network interface lo
2024-07-25T10:50:17.397+0500 [DEBUG] [org.gradle.internal.remote.internal.inet.InetAddresses] Is this a loopback interface? true
2024-07-25T10:50:17.397+0500 [DEBUG] [org.gradle.internal.remote.internal.inet.InetAddresses] Adding loopback address /0:0:0:0:0:0:0:1%lo
2024-07-25T10:50:17.397+0500 [DEBUG] [org.gradle.internal.remote.internal.inet.InetAddresses] Adding loopback address /127.0.0.1
2024-07-25T10:50:17.401+0500 [DEBUG] [org.gradle.internal.remote.internal.inet.TcpIncomingConnector] Listening on [8884ef07-ab8d-47a1-9b8a-6bac0fc788ec port:36005, addresses:[localhost/127.0.0.1]].
2024-07-25T10:50:17.418+0500 [DEBUG] [org.gradle.launcher.daemon.server.Daemon] Daemon starting at: Thu Jul 25 10:50:17 UZT 2024, with address: [8884ef07-ab8d-47a1-9b8a-6bac0fc788ec port:36005, addresses:[localhost/127.0.0.1]]
2024-07-25T10:50:17.418+0500 [INFO] [org.gradle.launcher.daemon.server.DaemonRegistryUpdater] Advertising the daemon address to the clients: [8884ef07-ab8d-47a1-9b8a-6bac0fc788ec port:36005, addresses:[localhost/127.0.0.1]]
2024-07-25T10:50:17.418+0500 [DEBUG] [org.gradle.launcher.daemon.server.DaemonRegistryUpdater] Advertised daemon context: DefaultDaemonContext[uid=19d76e19-86e1-4f0d-a172-b5f3d35ec30a,javaHome=/home/islom/.jdks/corretto-17.0.11,daemonRegistryDir=/home/islom/spring projects/HGPUserRegistration/daemon,pid=5875,idleTimeout=10800000,priority=NORMAL,applyInstrumentationAgent=true,daemonOpts=--add-opens=java.base/java.util=ALL-UNNAMED,--add-opens=java.base/java.lang=ALL-UNNAMED,--add-opens=java.base/java.lang.invoke=ALL-UNNAMED,--add-opens=java.prefs/java.util.prefs=ALL-UNNAMED,--add-opens=java.base/java.nio.charset=ALL-UNNAMED,--add-opens=java.base/java.net=ALL-UNNAMED,--add-opens=java.base/java.util.concurrent.atomic=ALL-UNNAMED,-XX:MaxMetaspaceSize=384m,-XX:+HeapDumpOnOutOfMemoryError,-Xms256m,-Xmx512m,-Dfile.encoding=UTF-8,-Duser.country=US,-Duser.language=en,-Duser.variant]
2024-07-25T10:50:17.420+0500 [DEBUG] [org.gradle.launcher.daemon.registry.PersistentDaemonRegistry] Storing daemon address: [8884ef07-ab8d-47a1-9b8a-6bac0fc788ec port:36005, addresses:[localhost/127.0.0.1]], context: DefaultDaemonContext[uid=19d76e19-86e1-4f0d-a172-b5f3d35ec30a,javaHome=/home/islom/.jdks/corretto-17.0.11,daemonRegistryDir=/home/islom/spring projects/HGPUserRegistration/daemon,pid=5875,idleTimeout=10800000,priority=NORMAL,applyInstrumentationAgent=true,daemonOpts=--add-opens=java.base/java.util=ALL-UNNAMED,--add-opens=java.base/java.lang=ALL-UNNAMED,--add-opens=java.base/java.lang.invoke=ALL-UNNAMED,--add-opens=java.prefs/java.util.prefs=ALL-UNNAMED,--add-opens=java.base/java.nio.charset=ALL-UNNAMED,--add-opens=java.base/java.net=ALL-UNNAMED,--add-opens=java.base/java.util.concurrent.atomic=ALL-UNNAMED,-XX:MaxMetaspaceSize=384m,-XX:+HeapDumpOnOutOfMemoryError,-Xms256m,-Xmx512m,-Dfile.encoding=UTF-8,-Duser.country=US,-Duser.language=en,-Duser.variant]
2024-07-25T10:50:17.429+0500 [DEBUG] [org.gradle.cache.internal.DefaultFileLockManager] Waiting to acquire exclusive lock on daemon addresses registry.
2024-07-25T10:50:17.432+0500 [DEBUG] [org.gradle.cache.internal.DefaultFileLockManager] Lock acquired on daemon addresses registry.
2024-07-25T10:50:17.437+0500 [DEBUG] [org.gradle.cache.internal.DefaultFileLockManager] Releasing lock on daemon addresses registry.
2024-07-25T10:50:17.437+0500 [LIFECYCLE] [org.gradle.launcher.daemon.server.Daemon] Daemon server started.
2024-07-25T10:50:17.438+0500 [DEBUG] [org.gradle.launcher.daemon.bootstrap.DaemonStartupCommunication] Completed writing the daemon greeting. Closing streams...
2024-07-25T10:50:17.442+0500 [DEBUG] [org.gradle.launcher.daemon.server.Daemon] stopOnExpiration() called on daemon
2024-07-25T10:50:17.443+0500 [DEBUG] [org.gradle.launcher.daemon.server.Daemon] awaitExpiration() called on daemon
2024-07-25T10:50:17.444+0500 [DEBUG] [org.gradle.launcher.daemon.server.DaemonStateCoordinator] daemon is running. Sleeping until state changes.
2024-07-25T10:50:17.448+0500 [DEBUG] [org.gradle.internal.remote.internal.inet.TcpIncomingConnector] Accepted connection from /127.0.0.1:46218 to /127.0.0.1:36005.
2024-07-25T10:50:17.479+0500 [DEBUG] [org.gradle.launcher.daemon.server.SynchronizedDispatchConnection] thread 21: received class org.gradle.launcher.daemon.protocol.Build
2024-07-25T10:50:17.480+0500 [DEBUG] [org.gradle.launcher.daemon.server.DefaultDaemonConnection] thread 21: Received non-IO message from client: Build{id=f1451285-ea5f-42ef-968c-68dec7f98bea, currentDir=/home/islom/spring projects/HGPUserRegistration}
2024-07-25T10:50:17.480+0500 [INFO] [org.gradle.launcher.daemon.server.DefaultIncomingConnectionHandler] Received command: Build{id=f1451285-ea5f-42ef-968c-68dec7f98bea, currentDir=/home/islom/spring projects/HGPUserRegistration}.
2024-07-25T10:50:17.480+0500 [DEBUG] [org.gradle.launcher.daemon.server.DefaultIncomingConnectionHandler] Starting executing command: Build{id=f1451285-ea5f-42ef-968c-68dec7f98bea, currentDir=/home/islom/spring projects/HGPUserRegistration} with connection: socket connection from /127.0.0.1:36005 to /127.0.0.1:46218.
2024-07-25T10:50:17.483+0500 [DEBUG] [org.gradle.launcher.daemon.server.DaemonStateCoordinator] Command execution: started DaemonCommandExecution[command = Build{id=f1451285-ea5f-42ef-968c-68dec7f98bea, currentDir=/home/islom/spring projects/HGPUserRegistration}, connection = DefaultDaemonConnection: socket connection from /127.0.0.1:36005 to /127.0.0.1:46218] after 0.0 minutes of idle
2024-07-25T10:50:17.483+0500 [INFO] [org.gradle.launcher.daemon.server.DaemonRegistryUpdater] Marking the daemon as busy, address: [8884ef07-ab8d-47a1-9b8a-6bac0fc788ec port:36005, addresses:[localhost/127.0.0.1]]
2024-07-25T10:50:17.484+0500 [DEBUG] [org.gradle.launcher.daemon.registry.PersistentDaemonRegistry] Marking busy by address: [8884ef07-ab8d-47a1-9b8a-6bac0fc788ec port:36005, addresses:[localhost/127.0.0.1]]
2024-07-25T10:50:17.484+0500 [DEBUG] [org.gradle.cache.internal.DefaultFileLockManager] Waiting to acquire exclusive lock on daemon addresses registry.
2024-07-25T10:50:17.485+0500 [DEBUG] [org.gradle.cache.internal.DefaultFileLockManager] Lock acquired on daemon addresses registry.
2024-07-25T10:50:17.486+0500 [DEBUG] [org.gradle.cache.internal.DefaultFileLockManager] Releasing lock on daemon addresses registry.
2024-07-25T10:50:17.487+0500 [DEBUG] [org.gradle.launcher.daemon.server.DaemonStateCoordinator] resetting idle timer
2024-07-25T10:50:17.487+0500 [DEBUG] [org.gradle.launcher.daemon.server.DaemonStateCoordinator] daemon is running. Sleeping until state changes.
2024-07-25T10:50:17.488+0500 [INFO] [org.gradle.launcher.daemon.server.exec.StartBuildOrRespondWithBusy] Daemon is about to start building Build{id=f1451285-ea5f-42ef-968c-68dec7f98bea, currentDir=/home/islom/spring projects/HGPUserRegistration}. Dispatching build started information...
2024-07-25T10:50:17.488+0500 [DEBUG] [org.gradle.launcher.daemon.server.SynchronizedDispatchConnection] thread 23: dispatching org.gradle.launcher.daemon.protocol.BuildStarted@7e773920
2024-07-25T10:50:17.491+0500 [DEBUG] [org.gradle.launcher.daemon.server.exec.EstablishBuildEnvironment] Configuring env variables: [PATH, XAUTHORITY, INVOCATION_ID, LC_MEASUREMENT, XMODIFIERS, LC_TELEPHONE, GDMSESSION, XDG_DATA_DIRS, LC_TIME, SNAP_COMMON, SNAP_INSTANCE_KEY, DBUS_SESSION_BUS_ADDRESS, SNAP_USER_COMMON, SNAP_REVISION, XDG_CURRENT_DESKTOP, JOURNAL_STREAM, LC_PAPER, USERNAME, SESSION_MANAGER, LOGNAME, PWD, MANAGERPID, IM_CONFIG_PHASE, SNAP_UID, GJS_DEBUG_TOPICS, SHELL, LC_ADDRESS, GIO_LAUNCHED_DESKTOP_FILE, BAMF_DESKTOP_FILE_HINT, GNOME_DESKTOP_SESSION_ID, GTK_MODULES, SNAP_ARCH, SYSTEMD_EXEC_PID, GNOME_SETUP_DISPLAY, SNAP_LIBRARY_PATH, XDG_SESSION_DESKTOP, SSH_AGENT_LAUNCHER, SHLVL, LC_IDENTIFICATION, SNAP_EUID, LC_MONETARY, SNAP_NAME, QT_IM_MODULE, JAVA_HOME, XDG_CONFIG_DIRS, LANG, SNAP_INSTANCE_NAME, XDG_SESSION_TYPE, SNAP_USER_DATA, DISPLAY, SNAP_REEXEC, WAYLAND_DISPLAY, SNAP_VERSION, LC_NAME, _, XDG_SESSION_CLASS, SNAP_DATA, DESKTOP_SESSION, SNAP, USER, SNAP_REAL_HOME, XDG_MENU_PREFIX, GIO_LAUNCHED_DESKTOP_FILE_PID, QT_ACCESSIBILITY, GJS_DEBUG_OUTPUT, LC_NUMERIC, SSH_AUTH_SOCK, GNOME_SHELL_SESSION_MODE, SNAP_CONTEXT, XDG_RUNTIME_DIR, HOME, SNAP_COOKIE]
2024-07-25T10:50:17.497+0500 [DEBUG] [org.gradle.launcher.daemon.server.exec.LogToClient] About to start relaying all logs to the client via the connection.
2024-07-25T10:50:17.497+0500 [INFO] [org.gradle.launcher.daemon.server.exec.LogToClient] The client will now receive all logging from the daemon (pid: 5875). The daemon log file: /home/islom/spring projects/HGPUserRegistration/daemon/8.7/daemon-5875.out.log
2024-07-25T10:50:17.500+0500 [INFO] [org.gradle.launcher.daemon.server.exec.LogAndCheckHealth] Starting build in new daemon [memory: 512 MiB]
2024-07-25T10:50:17.503+0500 [DEBUG] [org.gradle.launcher.daemon.server.exec.ExecuteBuild] The daemon has started executing the build.
2024-07-25T10:50:17.504+0500 [DEBUG] [org.gradle.launcher.daemon.server.exec.ExecuteBuild] Executing build with daemon context: DefaultDaemonContext[uid=19d76e19-86e1-4f0d-a172-b5f3d35ec30a,javaHome=/home/islom/.jdks/corretto-17.0.11,daemonRegistryDir=/home/islom/spring projects/HGPUserRegistration/daemon,pid=5875,idleTimeout=10800000,priority=NORMAL,applyInstrumentationAgent=true,daemonOpts=--add-opens=java.base/java.util=ALL-UNNAMED,--add-opens=java.base/java.lang=ALL-UNNAMED,--add-opens=java.base/java.lang.invoke=ALL-UNNAMED,--add-opens=java.prefs/java.util.prefs=ALL-UNNAMED,--add-opens=java.base/java.nio.charset=ALL-UNNAMED,--add-opens=java.base/java.net=ALL-UNNAMED,--add-opens=java.base/java.util.concurrent.atomic=ALL-UNNAMED,-XX:MaxMetaspaceSize=384m,-XX:+HeapDumpOnOutOfMemoryError,-Xms256m,-Xmx512m,-Dfile.encoding=UTF-8,-Duser.country=US,-Duser.language=en,-Duser.variant]

BUILD SUCCESSFUL in 8s
2 actionable tasks: 2 up-to-date
2024-07-25T10:50:25.226+0500 [DEBUG] [org.gradle.launcher.daemon.server.exec.ExecuteBuild] The daemon has finished executing the build.
2024-07-25T10:50:25.233+0500 [DEBUG] [org.gradle.launcher.daemon.server.DaemonStateCoordinator] daemon is running. Sleeping until state changes.
2024-07-25T10:50:25.234+0500 [DEBUG] [org.gradle.launcher.daemon.server.DaemonStateCoordinator] Command execution: finished waiting for DaemonCommandExecution[command = Build{id=f1451285-ea5f-42ef-968c-68dec7f98bea, currentDir=/home/islom/spring projects/HGPUserRegistration}, connection = DefaultDaemonConnection: socket connection from /127.0.0.1:36005 to /127.0.0.1:46218]. Result org.gradle.launcher.daemon.server.DaemonStateCoordinator@1b01468a with state Busy
2024-07-25T10:50:25.235+0500 [DEBUG] [org.gradle.launcher.daemon.server.DaemonStateCoordinator] Command execution: completed DaemonCommandExecution[command = Build{id=f1451285-ea5f-42ef-968c-68dec7f98bea, currentDir=/home/islom/spring projects/HGPUserRegistration}, connection = DefaultDaemonConnection: socket connection from /127.0.0.1:36005 to /127.0.0.1:46218]
2024-07-25T10:50:25.235+0500 [DEBUG] [org.gradle.launcher.daemon.server.DaemonStateCoordinator] resetting idle timer
2024-07-25T10:50:25.235+0500 [INFO] [org.gradle.launcher.daemon.server.DaemonRegistryUpdater] Marking the daemon as idle, address: [8884ef07-ab8d-47a1-9b8a-6bac0fc788ec port:36005, addresses:[localhost/127.0.0.1]]
2024-07-25T10:50:25.235+0500 [DEBUG] [org.gradle.launcher.daemon.registry.PersistentDaemonRegistry] Marking busy by address: [8884ef07-ab8d-47a1-9b8a-6bac0fc788ec port:36005, addresses:[localhost/127.0.0.1]]
2024-07-25T10:50:25.236+0500 [DEBUG] [org.gradle.cache.internal.DefaultFileLockManager] Waiting to acquire exclusive lock on daemon addresses registry.
2024-07-25T10:50:25.236+0500 [DEBUG] [org.gradle.cache.internal.DefaultFileLockManager] Lock acquired on daemon addresses registry.
2024-07-25T10:50:25.237+0500 [DEBUG] [org.gradle.cache.internal.DefaultFileLockManager] Releasing lock on daemon addresses registry.
2024-07-25T10:50:25.237+0500 [DEBUG] [org.gradle.launcher.daemon.server.DaemonStateCoordinator] daemon is running. Sleeping until state changes.
2024-07-25T10:50:25.237+0500 [DEBUG] [org.gradle.launcher.daemon.server.exec.ReturnResult] Daemon is dispatching the build result: Success[value=org.gradle.launcher.exec.BuildActionResult@2328ed5c]
2024-07-25T10:50:25.238+0500 [DEBUG] [org.gradle.launcher.daemon.server.SynchronizedDispatchConnection] thread 20: dispatching Success[value=org.gradle.launcher.exec.BuildActionResult@2328ed5c]
2024-07-25T10:50:25.240+0500 [DEBUG] [org.gradle.launcher.daemon.server.exec.CleanUpVirtualFileSystemAfterBuild] Cleaning virtual file system after build finished
2024-07-25T10:50:25.240+0500 [DEBUG] [org.gradle.launcher.daemon.server.DefaultIncomingConnectionHandler] Finishing executing command: Build{id=f1451285-ea5f-42ef-968c-68dec7f98bea, currentDir=/home/islom/spring projects/HGPUserRegistration}
2024-07-25T10:50:25.240+0500 [DEBUG] [org.gradle.launcher.daemon.server.SynchronizedDispatchConnection] thread 21: received class org.gradle.launcher.daemon.protocol.CloseInput
2024-07-25T10:50:25.241+0500 [DEBUG] [org.gradle.launcher.daemon.server.DefaultDaemonConnection] thread 21: Received IO message from client: org.gradle.launcher.daemon.protocol.CloseInput@11f9190b
2024-07-25T10:50:25.241+0500 [DEBUG] [org.gradle.launcher.daemon.server.SynchronizedDispatchConnection] thread 21: received class org.gradle.launcher.daemon.protocol.Finished
2024-07-25T10:50:25.241+0500 [DEBUG] [org.gradle.launcher.daemon.server.DefaultDaemonConnection] thread 21: Received non-IO message from client: org.gradle.launcher.daemon.protocol.Finished@2dfc7ba9
2024-07-25T10:50:25.242+0500 [DEBUG] [org.gradle.launcher.daemon.server.DefaultIncomingConnectionHandler] Received finished message: org.gradle.launcher.daemon.protocol.Finished@2dfc7ba9
2024-07-25T10:50:25.242+0500 [DEBUG] [org.gradle.internal.remote.internal.inet.SocketConnection] Discarding EOFException: java.io.EOFException
2024-07-25T10:50:25.242+0500 [DEBUG] [org.gradle.launcher.daemon.server.SynchronizedDispatchConnection] thread 20: stopping connection
2024-07-25T10:50:25.243+0500 [DEBUG] [org.gradle.launcher.daemon.server.SynchronizedDispatchConnection] thread 21: received null
2024-07-25T10:50:25.243+0500 [DEBUG] [org.gradle.launcher.daemon.server.DefaultDaemonConnection] thread 21: Received end-of-input from client.
2024-07-25T10:50:25.244+0500 [DEBUG] [org.gradle.launcher.daemon.server.SynchronizedDispatchConnection] thread 20: stopping connection
2024-07-25T10:50:27.447+0500 [DEBUG] [org.gradle.cache.internal.DefaultFileLockManager] Waiting to acquire shared lock on daemon addresses registry.
2024-07-25T10:50:27.448+0500 [DEBUG] [org.gradle.cache.internal.DefaultFileLockManager] Lock acquired on daemon addresses registry.
2024-07-25T10:50:27.449+0500 [DEBUG] [org.gradle.cache.internal.DefaultFileLockManager] Releasing lock on daemon addresses registry.
2024-07-25T10:50:27.451+0500 [DEBUG] [org.gradle.cache.internal.DefaultFileLockManager] Waiting to acquire shared lock on daemon addresses registry.
2024-07-25T10:50:27.452+0500 [DEBUG] [org.gradle.cache.internal.DefaultFileLockManager] Lock acquired on daemon addresses registry.
2024-07-25T10:50:27.453+0500 [DEBUG] [org.gradle.cache.internal.DefaultFileLockManager] Releasing lock on daemon addresses registry.
2024-07-25T10:50:37.444+0500 [DEBUG] [org.gradle.cache.internal.DefaultFileLockManager] Waiting to acquire shared lock on daemon addresses registry.
2024-07-25T10:50:37.444+0500 [DEBUG] [org.gradle.cache.internal.DefaultFileLockManager] Lock acquired on daemon addresses registry.
2024-07-25T10:50:37.444+0500 [DEBUG] [org.gradle.cache.internal.DefaultFileLockManager] Releasing lock on daemon addresses registry.
2024-07-25T10:50:37.445+0500 [DEBUG] [org.gradle.cache.internal.DefaultFileLockManager] Waiting to acquire shared lock on daemon addresses registry.
2024-07-25T10:50:37.445+0500 [DEBUG] [org.gradle.cache.internal.DefaultFileLockManager] Lock acquired on daemon addresses registry.
2024-07-25T10:50:37.445+0500 [DEBUG] [org.gradle.cache.internal.DefaultFileLockManager] Releasing lock on daemon addresses registry.
2024-07-25T10:50:37.446+0500 [DEBUG] [org.gradle.cache.internal.DefaultFileLockManager] Waiting to acquire shared lock on daemon addresses registry.
2024-07-25T10:50:37.446+0500 [DEBUG] [org.gradle.cache.internal.DefaultFileLockManager] Lock acquired on daemon addresses registry.
2024-07-25T10:50:37.446+0500 [DEBUG] [org.gradle.cache.internal.DefaultFileLockManager] Releasing lock on daemon addresses registry.
2024-07-25T10:50:47.444+0500 [DEBUG] [org.gradle.cache.internal.DefaultFileLockManager] Waiting to acquire shared lock on daemon addresses registry.
2024-07-25T10:50:47.444+0500 [DEBUG] [org.gradle.cache.internal.DefaultFileLockManager] Lock acquired on daemon addresses registry.
2024-07-25T10:50:47.445+0500 [DEBUG] [org.gradle.cache.internal.DefaultFileLockManager] Releasing lock on daemon addresses registry.
2024-07-25T10:50:47.445+0500 [DEBUG] [org.gradle.cache.internal.DefaultFileLockManager] Waiting to acquire shared lock on daemon addresses registry.
2024-07-25T10:50:47.446+0500 [DEBUG] [org.gradle.cache.internal.DefaultFileLockManager] Lock acquired on daemon addresses registry.
2024-07-25T10:50:47.446+0500 [DEBUG] [org.gradle.cache.internal.DefaultFileLockManager] Releasing lock on daemon addresses registry.
2024-07-25T10:50:47.446+0500 [DEBUG] [org.gradle.cache.internal.DefaultFileLockManager] Waiting to acquire shared lock on daemon addresses registry.
2024-07-25T10:50:47.446+0500 [DEBUG] [org.gradle.cache.internal.DefaultFileLockManager] Lock acquired on daemon addresses registry.
2024-07-25T10:50:47.446+0500 [DEBUG] [org.gradle.cache.internal.DefaultFileLockManager] Releasing lock on daemon addresses registry.
2024-07-25T10:50:57.443+0500 [DEBUG] [org.gradle.cache.internal.DefaultFileLockManager] Waiting to acquire shared lock on daemon addresses registry.
2024-07-25T10:50:57.444+0500 [DEBUG] [org.gradle.cache.internal.DefaultFileLockManager] Lock acquired on daemon addresses registry.
2024-07-25T10:50:57.444+0500 [DEBUG] [org.gradle.cache.internal.DefaultFileLockManager] Releasing lock on daemon addresses registry.
2024-07-25T10:50:57.444+0500 [DEBUG] [org.gradle.cache.internal.DefaultFileLockManager] Waiting to acquire shared lock on daemon addresses registry.
2024-07-25T10:50:57.444+0500 [DEBUG] [org.gradle.cache.internal.DefaultFileLockManager] Lock acquired on daemon addresses registry.
2024-07-25T10:50:57.444+0500 [DEBUG] [org.gradle.cache.internal.DefaultFileLockManager] Releasing lock on daemon addresses registry.
2024-07-25T10:50:57.445+0500 [DEBUG] [org.gradle.cache.internal.DefaultFileLockManager] Waiting to acquire shared lock on daemon addresses registry.
2024-07-25T10:50:57.445+0500 [DEBUG] [org.gradle.cache.internal.DefaultFileLockManager] Lock acquired on daemon addresses registry.
2024-07-25T10:50:57.445+0500 [DEBUG] [org.gradle.cache.internal.DefaultFileLockManager] Releasing lock on daemon addresses registry.
2024-07-25T10:51:07.444+0500 [DEBUG] [org.gradle.cache.internal.DefaultFileLockManager] Waiting to acquire shared lock on daemon addresses registry.
2024-07-25T10:51:07.444+0500 [DEBUG] [org.gradle.cache.internal.DefaultFileLockManager] Lock acquired on daemon addresses registry.
2024-07-25T10:51:07.444+0500 [DEBUG] [org.gradle.cache.internal.DefaultFileLockManager] Releasing lock on daemon addresses registry.
2024-07-25T10:51:07.445+0500 [DEBUG] [org.gradle.cache.internal.DefaultFileLockManager] Waiting to acquire shared lock on daemon addresses registry.
2024-07-25T10:51:07.445+0500 [DEBUG] [org.gradle.cache.internal.DefaultFileLockManager] Lock acquired on daemon addresses registry.
2024-07-25T10:51:07.445+0500 [DEBUG] [org.gradle.cache.internal.DefaultFileLockManager] Releasing lock on daemon addresses registry.
2024-07-25T10:51:07.446+0500 [DEBUG] [org.gradle.cache.internal.DefaultFileLockManager] Waiting to acquire shared lock on daemon addresses registry.
2024-07-25T10:51:07.446+0500 [DEBUG] [org.gradle.cache.internal.DefaultFileLockManager] Lock acquired on daemon addresses registry.
2024-07-25T10:51:07.446+0500 [DEBUG] [org.gradle.cache.internal.DefaultFileLockManager] Releasing lock on daemon addresses registry.
2024-07-25T10:51:17.443+0500 [DEBUG] [org.gradle.cache.internal.DefaultFileLockManager] Waiting to acquire shared lock on daemon addresses registry.
2024-07-25T10:51:17.444+0500 [DEBUG] [org.gradle.cache.internal.DefaultFileLockManager] Lock acquired on daemon addresses registry.
2024-07-25T10:51:17.444+0500 [DEBUG] [org.gradle.cache.internal.DefaultFileLockManager] Releasing lock on daemon addresses registry.
2024-07-25T10:51:17.444+0500 [DEBUG] [org.gradle.cache.internal.DefaultFileLockManager] Waiting to acquire shared lock on daemon addresses registry.
2024-07-25T10:51:17.444+0500 [DEBUG] [org.gradle.cache.internal.DefaultFileLockManager] Lock acquired on daemon addresses registry.
2024-07-25T10:51:17.444+0500 [DEBUG] [org.gradle.cache.internal.DefaultFileLockManager] Releasing lock on daemon addresses registry.
2024-07-25T10:51:17.445+0500 [DEBUG] [org.gradle.cache.internal.DefaultFileLockManager] Waiting to acquire shared lock on daemon addresses registry.
2024-07-25T10:51:17.445+0500 [DEBUG] [org.gradle.cache.internal.DefaultFileLockManager] Lock acquired on daemon addresses registry.
2024-07-25T10:51:17.445+0500 [DEBUG] [org.gradle.cache.internal.DefaultFileLockManager] Releasing lock on daemon addresses registry.
2024-07-25T10:51:27.443+0500 [DEBUG] [org.gradle.cache.internal.DefaultFileLockManager] Waiting to acquire shared lock on daemon addresses registry.
2024-07-25T10:51:27.443+0500 [DEBUG] [org.gradle.cache.internal.DefaultFileLockManager] Lock acquired on daemon addresses registry.
2024-07-25T10:51:27.444+0500 [DEBUG] [org.gradle.cache.internal.DefaultFileLockManager] Releasing lock on daemon addresses registry.
2024-07-25T10:51:27.444+0500 [DEBUG] [org.gradle.cache.internal.DefaultFileLockManager] Waiting to acquire shared lock on daemon addresses registry.
2024-07-25T10:51:27.444+0500 [DEBUG] [org.gradle.cache.internal.DefaultFileLockManager] Lock acquired on daemon addresses registry.
2024-07-25T10:51:27.444+0500 [DEBUG] [org.gradle.cache.internal.DefaultFileLockManager] Releasing lock on daemon addresses registry.
2024-07-25T10:51:27.445+0500 [DEBUG] [org.gradle.cache.internal.DefaultFileLockManager] Waiting to acquire shared lock on daemon addresses registry.
2024-07-25T10:51:27.445+0500 [DEBUG] [org.gradle.cache.internal.DefaultFileLockManager] Lock acquired on daemon addresses registry.
2024-07-25T10:51:27.445+0500 [DEBUG] [org.gradle.cache.internal.DefaultFileLockManager] Releasing lock on daemon addresses registry.
2024-07-25T10:51:37.443+0500 [DEBUG] [org.gradle.cache.internal.DefaultFileLockManager] Waiting to acquire shared lock on daemon addresses registry.
2024-07-25T10:51:37.443+0500 [DEBUG] [org.gradle.cache.internal.DefaultFileLockManager] Lock acquired on daemon addresses registry.
2024-07-25T10:51:37.444+0500 [DEBUG] [org.gradle.cache.internal.DefaultFileLockManager] Releasing lock on daemon addresses registry.
2024-07-25T10:51:37.445+0500 [DEBUG] [org.gradle.cache.internal.DefaultFileLockManager] Waiting to acquire shared lock on daemon addresses registry.
2024-07-25T10:51:37.445+0500 [DEBUG] [org.gradle.cache.internal.DefaultFileLockManager] Lock acquired on daemon addresses registry.
2024-07-25T10:51:37.445+0500 [DEBUG] [org.gradle.cache.internal.DefaultFileLockManager] Releasing lock on daemon addresses registry.
2024-07-25T10:51:37.445+0500 [DEBUG] [org.gradle.cache.internal.DefaultFileLockManager] Waiting to acquire shared lock on daemon addresses registry.
2024-07-25T10:51:37.446+0500 [DEBUG] [org.gradle.cache.internal.DefaultFileLockManager] Lock acquired on daemon addresses registry.
2024-07-25T10:51:37.446+0500 [DEBUG] [org.gradle.cache.internal.DefaultFileLockManager] Releasing lock on daemon addresses registry.
2024-07-25T10:51:47.444+0500 [DEBUG] [org.gradle.cache.internal.DefaultFileLockManager] Waiting to acquire shared lock on daemon addresses registry.
2024-07-25T10:51:47.444+0500 [DEBUG] [org.gradle.cache.internal.DefaultFileLockManager] Lock acquired on daemon addresses registry.
2024-07-25T10:51:47.444+0500 [DEBUG] [org.gradle.cache.internal.DefaultFileLockManager] Releasing lock on daemon addresses registry.
2024-07-25T10:51:47.445+0500 [DEBUG] [org.gradle.cache.internal.DefaultFileLockManager] Waiting to acquire shared lock on daemon addresses registry.
2024-07-25T10:51:47.446+0500 [DEBUG] [org.gradle.cache.internal.DefaultFileLockManager] Lock acquired on daemon addresses registry.
2024-07-25T10:51:47.447+0500 [DEBUG] [org.gradle.cache.internal.DefaultFileLockManager] Releasing lock on daemon addresses registry.
2024-07-25T10:51:47.448+0500 [DEBUG] [org.gradle.cache.internal.DefaultFileLockManager] Waiting to acquire shared lock on daemon addresses registry.
2024-07-25T10:51:47.448+0500 [DEBUG] [org.gradle.cache.internal.DefaultFileLockManager] Lock acquired on daemon addresses registry.
2024-07-25T10:51:47.449+0500 [DEBUG] [org.gradle.cache.internal.DefaultFileLockManager] Releasing lock on daemon addresses registry.
2024-07-25T10:51:57.443+0500 [DEBUG] [org.gradle.cache.internal.DefaultFileLockManager] Waiting to acquire shared lock on daemon addresses registry.
2024-07-25T10:51:57.444+0500 [DEBUG] [org.gradle.cache.internal.DefaultFileLockManager] Lock acquired on daemon addresses registry.
2024-07-25T10:51:57.444+0500 [DEBUG] [org.gradle.cache.internal.DefaultFileLockManager] Releasing lock on daemon addresses registry.
2024-07-25T10:51:57.444+0500 [DEBUG] [org.gradle.cache.internal.DefaultFileLockManager] Waiting to acquire shared lock on daemon addresses registry.
2024-07-25T10:51:57.445+0500 [DEBUG] [org.gradle.cache.internal.DefaultFileLockManager] Lock acquired on daemon addresses registry.
2024-07-25T10:51:57.445+0500 [DEBUG] [org.gradle.cache.internal.DefaultFileLockManager] Releasing lock on daemon addresses registry.
2024-07-25T10:51:57.445+0500 [DEBUG] [org.gradle.cache.internal.DefaultFileLockManager] Waiting to acquire shared lock on daemon addresses registry.
2024-07-25T10:51:57.445+0500 [DEBUG] [org.gradle.cache.internal.DefaultFileLockManager] Lock acquired on daemon addresses registry.
2024-07-25T10:51:57.445+0500 [DEBUG] [org.gradle.cache.internal.DefaultFileLockManager] Releasing lock on daemon addresses registry.
2024-07-25T10:52:07.443+0500 [DEBUG] [org.gradle.cache.internal.DefaultFileLockManager] Waiting to acquire shared lock on daemon addresses registry.
2024-07-25T10:52:07.444+0500 [DEBUG] [org.gradle.cache.internal.DefaultFileLockManager] Lock acquired on daemon addresses registry.
2024-07-25T10:52:07.444+0500 [DEBUG] [org.gradle.cache.internal.DefaultFileLockManager] Releasing lock on daemon addresses registry.
2024-07-25T10:52:07.445+0500 [DEBUG] [org.gradle.cache.internal.DefaultFileLockManager] Waiting to acquire shared lock on daemon addresses registry.
2024-07-25T10:52:07.445+0500 [DEBUG] [org.gradle.cache.internal.DefaultFileLockManager] Lock acquired on daemon addresses registry.
2024-07-25T10:52:07.445+0500 [DEBUG] [org.gradle.cache.internal.DefaultFileLockManager] Releasing lock on daemon addresses registry.
2024-07-25T10:52:07.445+0500 [DEBUG] [org.gradle.cache.internal.DefaultFileLockManager] Waiting to acquire shared lock on daemon addresses registry.
2024-07-25T10:52:07.445+0500 [DEBUG] [org.gradle.cache.internal.DefaultFileLockManager] Lock acquired on daemon addresses registry.
2024-07-25T10:52:07.446+0500 [DEBUG] [org.gradle.cache.internal.DefaultFileLockManager] Releasing lock on daemon addresses registry.
2024-07-25T10:52:17.443+0500 [DEBUG] [org.gradle.cache.internal.DefaultFileLockManager] Waiting to acquire shared lock on daemon addresses registry.
2024-07-25T10:52:17.443+0500 [DEBUG] [org.gradle.cache.internal.DefaultFileLockManager] Lock acquired on daemon addresses registry.
2024-07-25T10:52:17.444+0500 [DEBUG] [org.gradle.cache.internal.DefaultFileLockManager] Releasing lock on daemon addresses registry.
2024-07-25T10:52:17.444+0500 [DEBUG] [org.gradle.cache.internal.DefaultFileLockManager] Waiting to acquire shared lock on daemon addresses registry.
2024-07-25T10:52:17.444+0500 [DEBUG] [org.gradle.cache.internal.DefaultFileLockManager] Lock acquired on daemon addresses registry.
2024-07-25T10:52:17.445+0500 [DEBUG] [org.gradle.cache.internal.DefaultFileLockManager] Releasing lock on daemon addresses registry.
2024-07-25T10:52:17.445+0500 [DEBUG] [org.gradle.cache.internal.DefaultFileLockManager] Waiting to acquire shared lock on daemon addresses registry.
2024-07-25T10:52:17.445+0500 [DEBUG] [org.gradle.cache.internal.DefaultFileLockManager] Lock acquired on daemon addresses registry.
2024-07-25T10:52:17.445+0500 [DEBUG] [org.gradle.cache.internal.DefaultFileLockManager] Releasing lock on daemon addresses registry.
2024-07-25T10:52:26.735+0500 [DEBUG] [org.gradle.internal.remote.internal.inet.TcpIncomingConnector] Accepted connection from /127.0.0.1:32860 to /127.0.0.1:36005.
2024-07-25T10:52:26.746+0500 [DEBUG] [org.gradle.launcher.daemon.server.SynchronizedDispatchConnection] thread 185: received class org.gradle.launcher.daemon.protocol.StopWhenIdle
2024-07-25T10:52:26.747+0500 [DEBUG] [org.gradle.launcher.daemon.server.DefaultDaemonConnection] thread 185: Received non-IO message from client: StopWhenIdle[id=581e6db6-fd5a-40d8-a55e-d90adc054230]
2024-07-25T10:52:26.747+0500 [INFO] [org.gradle.launcher.daemon.server.DefaultIncomingConnectionHandler] Received command: StopWhenIdle[id=581e6db6-fd5a-40d8-a55e-d90adc054230].
2024-07-25T10:52:26.747+0500 [DEBUG] [org.gradle.launcher.daemon.server.DefaultIncomingConnectionHandler] Starting executing command: StopWhenIdle[id=581e6db6-fd5a-40d8-a55e-d90adc054230] with connection: socket connection from /127.0.0.1:36005 to /127.0.0.1:32860.
2024-07-25T10:52:26.747+0500 [DEBUG] [org.gradle.launcher.daemon.server.DaemonRegistryUpdater] Storing daemon stop event: stop command received
2024-07-25T10:52:26.749+0500 [DEBUG] [org.gradle.launcher.daemon.registry.PersistentDaemonRegistry] Storing daemon stop event with timestamp 1721886746748
2024-07-25T10:52:26.750+0500 [DEBUG] [org.gradle.cache.internal.DefaultFileLockManager] Waiting to acquire exclusive lock on daemon addresses registry.
2024-07-25T10:52:26.751+0500 [DEBUG] [org.gradle.cache.internal.DefaultFileLockManager] Lock acquired on daemon addresses registry.
2024-07-25T10:52:26.752+0500 [DEBUG] [org.gradle.cache.internal.DefaultFileLockManager] Releasing lock on daemon addresses registry.
2024-07-25T10:52:26.752+0500 [LIFECYCLE] [org.gradle.launcher.daemon.server.DaemonStateCoordinator] Daemon will be stopped at the end of the build stop command received
2024-07-25T10:52:26.752+0500 [DEBUG] [org.gradle.launcher.daemon.server.DaemonStateCoordinator] Marking daemon stopped due to stop command received. The daemon is running a build: false
2024-07-25T10:52:26.752+0500 [DEBUG] [org.gradle.launcher.daemon.server.SynchronizedDispatchConnection] thread 184: dispatching Success[value=null]
2024-07-25T10:52:26.752+0500 [DEBUG] [org.gradle.launcher.daemon.server.DaemonStateCoordinator] daemon has stopped.
2024-07-25T10:52:26.752+0500 [DEBUG] [org.gradle.launcher.daemon.server.DefaultIncomingConnectionHandler] Finishing executing command: StopWhenIdle[id=581e6db6-fd5a-40d8-a55e-d90adc054230]
2024-07-25T10:52:26.753+0500 [DEBUG] [org.gradle.launcher.daemon.server.Daemon] stop() called on daemon
2024-07-25T10:52:26.753+0500 [INFO] [org.gradle.launcher.daemon.server.Daemon] Stop requested. Daemon is removing its presence from the registry...
2024-07-25T10:52:26.754+0500 [DEBUG] [org.gradle.launcher.daemon.server.DaemonRegistryUpdater] Removing our presence to clients, eg. removing this address from the registry: [8884ef07-ab8d-47a1-9b8a-6bac0fc788ec port:36005, addresses:[localhost/127.0.0.1]]
2024-07-25T10:52:26.754+0500 [DEBUG] [org.gradle.launcher.daemon.registry.PersistentDaemonRegistry] Removing daemon address: [8884ef07-ab8d-47a1-9b8a-6bac0fc788ec port:36005, addresses:[localhost/127.0.0.1]]
2024-07-25T10:52:26.754+0500 [DEBUG] [org.gradle.launcher.daemon.server.SynchronizedDispatchConnection] thread 185: received class org.gradle.launcher.daemon.protocol.Finished
2024-07-25T10:52:26.754+0500 [DEBUG] [org.gradle.launcher.daemon.server.DefaultDaemonConnection] thread 185: Received non-IO message from client: org.gradle.launcher.daemon.protocol.Finished@4fb8f7f3
2024-07-25T10:52:26.755+0500 [DEBUG] [org.gradle.launcher.daemon.server.DefaultIncomingConnectionHandler] Received finished message: org.gradle.launcher.daemon.protocol.Finished@4fb8f7f3
2024-07-25T10:52:26.755+0500 [DEBUG] [org.gradle.internal.remote.internal.inet.SocketConnection] Discarding EOFException: java.io.EOFException
2024-07-25T10:52:26.755+0500 [DEBUG] [org.gradle.launcher.daemon.server.SynchronizedDispatchConnection] thread 184: stopping connection
2024-07-25T10:52:26.755+0500 [DEBUG] [org.gradle.launcher.daemon.server.SynchronizedDispatchConnection] thread 185: received null
2024-07-25T10:52:26.755+0500 [DEBUG] [org.gradle.launcher.daemon.server.DefaultDaemonConnection] thread 185: Received end-of-input from client.
2024-07-25T10:52:26.755+0500 [DEBUG] [org.gradle.cache.internal.DefaultFileLockManager] Waiting to acquire exclusive lock on daemon addresses registry.
2024-07-25T10:52:26.756+0500 [DEBUG] [org.gradle.launcher.daemon.server.SynchronizedDispatchConnection] thread 184: stopping connection
2024-07-25T10:52:26.756+0500 [DEBUG] [org.gradle.cache.internal.DefaultFileLockManager] Lock acquired on daemon addresses registry.
2024-07-25T10:52:26.757+0500 [DEBUG] [org.gradle.cache.internal.DefaultFileLockManager] Releasing lock on daemon addresses registry.
2024-07-25T10:52:26.757+0500 [DEBUG] [org.gradle.launcher.daemon.server.DaemonRegistryUpdater] Address removed from registry.
2024-07-25T10:52:26.760+0500 [DEBUG] [org.gradle.cache.internal.LockOnDemandCrossProcessCacheAccess] Releasing file lock for jars (/home/islom/spring projects/HGPUserRegistration/caches/jars-9)
2024-07-25T10:52:26.760+0500 [DEBUG] [org.gradle.cache.internal.DefaultFileLockManager] Releasing lock on jars (/home/islom/spring projects/HGPUserRegistration/caches/jars-9).
2024-07-25T10:52:26.760+0500 [DEBUG] [org.gradle.cache.internal.DefaultPersistentDirectoryStore] jars (/home/islom/spring projects/HGPUserRegistration/caches/jars-9) has last been fully cleaned up 67 hours ago
2024-07-25T10:52:26.764+0500 [INFO] [org.gradle.cache.internal.AbstractCacheCleanup] jars (/home/islom/spring projects/HGPUserRegistration/caches/jars-9) cleanup deleted 0 files/directories.
2024-07-25T10:52:26.764+0500 [INFO] [org.gradle.cache.internal.LeastRecentlyUsedCacheCleanup] jars (/home/islom/spring projects/HGPUserRegistration/caches/jars-9) removing files not accessed on or after Thu Jul 18 10:50:19 UZT 2024.
2024-07-25T10:52:26.765+0500 [INFO] [org.gradle.cache.internal.AbstractCacheCleanup] jars (/home/islom/spring projects/HGPUserRegistration/caches/jars-9) cleanup deleted 0 files/directories.
2024-07-25T10:52:26.766+0500 [INFO] [org.gradle.cache.internal.DefaultPersistentDirectoryStore] jars (/home/islom/spring projects/HGPUserRegistration/caches/jars-9) cleaned up in 0.004 secs.
2024-07-25T10:52:26.766+0500 [DEBUG] [org.gradle.cache.internal.LockOnDemandCrossProcessCacheAccess] Releasing file lock for file content cache (/home/islom/spring projects/HGPUserRegistration/caches/8.7/fileContent)
2024-07-25T10:52:26.766+0500 [DEBUG] [org.gradle.cache.internal.DefaultFileLockManager] Releasing lock on file content cache (/home/islom/spring projects/HGPUserRegistration/caches/8.7/fileContent).
2024-07-25T10:52:26.767+0500 [DEBUG] [org.gradle.internal.watch.vfs.impl.WatchingVirtualFileSystem] Closing VFS, dropping state
2024-07-25T10:52:26.783+0500 [DEBUG] [org.gradle.cache.internal.DefaultCacheCoordinator] Cache Generated Gradle JARs cache (/home/islom/spring projects/HGPUserRegistration/caches/8.7/generated-gradle-jars) was closed 0 times.
2024-07-25T10:52:26.783+0500 [DEBUG] [org.gradle.internal.watch.registry.impl.DefaultFileWatcherRegistry] Finished listening to file system change events
2024-07-25T10:52:26.784+0500 [DEBUG] [org.gradle.cache.internal.DefaultPersistentDirectoryStore] Artifact transforms cache (/home/islom/spring projects/HGPUserRegistration/caches/transforms-4) has last been fully cleaned up 67 hours ago
2024-07-25T10:52:26.784+0500 [INFO] [org.gradle.cache.internal.LeastRecentlyUsedCacheCleanup] Artifact transforms cache (/home/islom/spring projects/HGPUserRegistration/caches/transforms-4) removing files not accessed on or after Thu Jul 18 10:50:19 UZT 2024.
2024-07-25T10:52:26.785+0500 [INFO] [org.gradle.cache.internal.AbstractCacheCleanup] Artifact transforms cache (/home/islom/spring projects/HGPUserRegistration/caches/transforms-4) cleanup deleted 0 files/directories.
2024-07-25T10:52:26.785+0500 [INFO] [org.gradle.cache.internal.DefaultPersistentDirectoryStore] Artifact transforms cache (/home/islom/spring projects/HGPUserRegistration/caches/transforms-4) cleaned up in 0.0 secs.
2024-07-25T10:52:26.785+0500 [DEBUG] [org.gradle.cache.internal.DefaultCacheCoordinator] Cache Artifact transforms cache (/home/islom/spring projects/HGPUserRegistration/caches/transforms-4) was closed 0 times.
2024-07-25T10:52:26.785+0500 [DEBUG] [org.gradle.cache.internal.LockOnDemandCrossProcessCacheAccess] Releasing file lock for artifact cache (/home/islom/spring projects/HGPUserRegistration/caches/modules-2)
2024-07-25T10:52:26.785+0500 [DEBUG] [org.gradle.cache.internal.btree.BTreePersistentIndexedCache] Closing cache module-artifact.bin (/home/islom/spring projects/HGPUserRegistration/caches/modules-2/metadata-2.106/module-artifact.bin)
2024-07-25T10:52:26.785+0500 [DEBUG] [org.gradle.cache.internal.btree.BTreePersistentIndexedCache] Closing cache module-metadata.bin (/home/islom/spring projects/HGPUserRegistration/caches/modules-2/metadata-2.106/module-metadata.bin)
2024-07-25T10:52:26.785+0500 [DEBUG] [org.gradle.cache.internal.DefaultFileLockManager] Releasing lock on artifact cache (/home/islom/spring projects/HGPUserRegistration/caches/modules-2).
2024-07-25T10:52:26.786+0500 [DEBUG] [org.gradle.cache.internal.DefaultPersistentDirectoryStore] artifact cache (/home/islom/spring projects/HGPUserRegistration/caches/modules-2) has last been fully cleaned up 67 hours ago
2024-07-25T10:52:26.786+0500 [INFO] [org.gradle.cache.internal.AbstractCacheCleanup] artifact cache (/home/islom/spring projects/HGPUserRegistration/caches/modules-2) cleanup deleted 0 files/directories.
2024-07-25T10:52:26.788+0500 [INFO] [org.gradle.cache.internal.AbstractCacheCleanup] artifact cache (/home/islom/spring projects/HGPUserRegistration/caches/modules-2) [subdir: /home/islom/spring projects/HGPUserRegistration/caches/modules-2/resources-2.1] cleanup deleted 0 files/directories.
2024-07-25T10:52:26.789+0500 [INFO] [org.gradle.cache.internal.LeastRecentlyUsedCacheCleanup] artifact cache (/home/islom/spring projects/HGPUserRegistration/caches/modules-2) [subdir: /home/islom/spring projects/HGPUserRegistration/caches/modules-2/resources-2.1] removing files not accessed on or after Tue Jun 25 10:50:19 UZT 2024.
2024-07-25T10:52:26.789+0500 [INFO] [org.gradle.cache.internal.AbstractCacheCleanup] artifact cache (/home/islom/spring projects/HGPUserRegistration/caches/modules-2) [subdir: /home/islom/spring projects/HGPUserRegistration/caches/modules-2/resources-2.1] cleanup deleted 0 files/directories.
2024-07-25T10:52:26.789+0500 [INFO] [org.gradle.cache.internal.AbstractCacheCleanup] artifact cache (/home/islom/spring projects/HGPUserRegistration/caches/modules-2) [subdir: /home/islom/spring projects/HGPUserRegistration/caches/modules-2/files-2.1] cleanup deleted 0 files/directories.
2024-07-25T10:52:26.790+0500 [INFO] [org.gradle.cache.internal.LeastRecentlyUsedCacheCleanup] artifact cache (/home/islom/spring projects/HGPUserRegistration/caches/modules-2) [subdir: /home/islom/spring projects/HGPUserRegistration/caches/modules-2/files-2.1] removing files not accessed on or after Tue Jun 25 10:50:19 UZT 2024.
2024-07-25T10:52:27.157+0500 [INFO] [org.gradle.cache.internal.AbstractCacheCleanup] artifact cache (/home/islom/spring projects/HGPUserRegistration/caches/modules-2) [subdir: /home/islom/spring projects/HGPUserRegistration/caches/modules-2/files-2.1] cleanup deleted 0 files/directories.
2024-07-25T10:52:27.158+0500 [INFO] [org.gradle.cache.internal.AbstractCacheCleanup] artifact cache (/home/islom/spring projects/HGPUserRegistration/caches/modules-2) [subdir: /home/islom/spring projects/HGPUserRegistration/caches/modules-2/metadata-2.106] cleanup deleted 0 files/directories.
2024-07-25T10:52:27.158+0500 [INFO] [org.gradle.cache.internal.DefaultPersistentDirectoryStore] artifact cache (/home/islom/spring projects/HGPUserRegistration/caches/modules-2) cleaned up in 0.372 secs.
2024-07-25T10:52:27.159+0500 [DEBUG] [org.gradle.cache.internal.DefaultPersistentDirectoryStore] groovy-dsl (/home/islom/spring projects/HGPUserRegistration/caches/8.7/groovy-dsl) has last been fully cleaned up 67 hours ago
2024-07-25T10:52:27.159+0500 [INFO] [org.gradle.cache.internal.LeastRecentlyUsedCacheCleanup] groovy-dsl (/home/islom/spring projects/HGPUserRegistration/caches/8.7/groovy-dsl) removing files not accessed on or after Thu Jul 18 10:50:19 UZT 2024.
2024-07-25T10:52:27.159+0500 [INFO] [org.gradle.cache.internal.AbstractCacheCleanup] groovy-dsl (/home/islom/spring projects/HGPUserRegistration/caches/8.7/groovy-dsl) cleanup deleted 0 files/directories.
2024-07-25T10:52:27.159+0500 [INFO] [org.gradle.cache.internal.DefaultPersistentDirectoryStore] groovy-dsl (/home/islom/spring projects/HGPUserRegistration/caches/8.7/groovy-dsl) cleaned up in 0.0 secs.
2024-07-25T10:52:27.159+0500 [DEBUG] [org.gradle.cache.internal.DefaultCacheCoordinator] Cache groovy-dsl (/home/islom/spring projects/HGPUserRegistration/caches/8.7/groovy-dsl) was closed 0 times.
2024-07-25T10:52:27.160+0500 [DEBUG] [org.gradle.cache.internal.LockOnDemandCrossProcessCacheAccess] Releasing file lock for journal cache (/home/islom/spring projects/HGPUserRegistration/caches/journal-1)
2024-07-25T10:52:27.160+0500 [DEBUG] [org.gradle.cache.internal.btree.BTreePersistentIndexedCache] Closing cache file-access.bin (/home/islom/spring projects/HGPUserRegistration/caches/journal-1/file-access.bin)
2024-07-25T10:52:27.160+0500 [DEBUG] [org.gradle.cache.internal.DefaultFileLockManager] Releasing lock on journal cache (/home/islom/spring projects/HGPUserRegistration/caches/journal-1).
2024-07-25T10:52:27.161+0500 [DEBUG] [org.gradle.cache.internal.LockOnDemandCrossProcessCacheAccess] Releasing file lock for file hash cache (/home/islom/spring projects/HGPUserRegistration/caches/8.7/fileHashes)
2024-07-25T10:52:27.161+0500 [DEBUG] [org.gradle.cache.internal.btree.BTreePersistentIndexedCache] Closing cache fileHashes.bin (/home/islom/spring projects/HGPUserRegistration/caches/8.7/fileHashes/fileHashes.bin)
2024-07-25T10:52:27.162+0500 [DEBUG] [org.gradle.cache.internal.btree.BTreePersistentIndexedCache] Closing cache resourceHashesCache.bin (/home/islom/spring projects/HGPUserRegistration/caches/8.7/fileHashes/resourceHashesCache.bin)
2024-07-25T10:52:27.162+0500 [DEBUG] [org.gradle.cache.internal.DefaultFileLockManager] Releasing lock on file hash cache (/home/islom/spring projects/HGPUserRegistration/caches/8.7/fileHashes).
2024-07-25T10:52:27.163+0500 [DEBUG] [org.gradle.cache.internal.VersionSpecificCacheCleanupAction] Processed version-specific caches at /home/islom/spring projects/HGPUserRegistration/caches for cleanup in 0.0 secs
Daemon vm is shutting down... The daemon has exited normally or was terminated in response to a user interrupt.
2024-07-25T10:52:27.169+0500 [DEBUG] [org.gradle.launcher.daemon.registry.PersistentDaemonRegistry] Removing daemon address: [8884ef07-ab8d-47a1-9b8a-6bac0fc788ec port:36005, addresses:[localhost/127.0.0.1]]
2024-07-25T10:52:27.170+0500 [DEBUG] [org.gradle.cache.internal.DefaultFileLockManager] Waiting to acquire exclusive lock on daemon addresses registry.
2024-07-25T10:52:27.170+0500 [DEBUG] [org.gradle.cache.internal.DefaultFileLockManager] Lock acquired on daemon addresses registry.
2024-07-25T10:52:27.171+0500 [DEBUG] [org.gradle.cache.internal.DefaultFileLockManager] Releasing lock on daemon addresses registry.
